<?xml version="1.0" encoding="UTF-8"?>
<coverage generated="1690315898387" clover="3.2.0">
  <project timestamp="1690315898388" name="All files">
    <metrics statements="56" coveredstatements="54" conditionals="17" coveredconditionals="15" methods="11" coveredmethods="11" elements="84" coveredelements="80" complexity="0" loc="56" ncloc="56" packages="4" files="4" classes="4"/>
    <package name="src.classes">
      <metrics statements="16" coveredstatements="16" conditionals="4" coveredconditionals="4" methods="4" coveredmethods="4"/>
      <file name="InitBoard.ts" path="D:\dev\WORKING_PROJECTS\_typescript\bitsCraft\src\classes\InitBoard.ts">
        <metrics statements="16" coveredstatements="16" conditionals="4" coveredconditionals="4" methods="4" coveredmethods="4"/>
        <line num="1" count="3" type="stmt"/>
        <line num="7" count="4" type="stmt"/>
        <line num="8" count="4" type="stmt"/>
        <line num="9" count="4" type="stmt"/>
        <line num="14" count="3" type="stmt"/>
        <line num="15" count="35" type="stmt"/>
        <line num="18" count="3" type="stmt"/>
        <line num="19" count="3" type="stmt"/>
        <line num="23" count="3" type="stmt"/>
        <line num="24" count="35" type="cond" truecount="2" falsecount="0"/>
        <line num="25" count="5" type="stmt"/>
        <line num="27" count="30" type="stmt"/>
        <line num="30" count="3" type="stmt"/>
        <line num="31" count="35" type="cond" truecount="2" falsecount="0"/>
        <line num="32" count="5" type="stmt"/>
        <line num="34" count="30" type="stmt"/>
      </file>
    </package>
    <package name="src.classes.buildTerrain">
      <metrics statements="30" coveredstatements="28" conditionals="12" coveredconditionals="10" methods="6" coveredmethods="6"/>
      <file name="TerrainBuilder.ts" path="D:\dev\WORKING_PROJECTS\_typescript\bitsCraft\src\classes\buildTerrain\TerrainBuilder.ts">
        <metrics statements="30" coveredstatements="28" conditionals="12" coveredconditionals="10" methods="6" coveredmethods="6"/>
        <line num="3" count="1" type="stmt"/>
        <line num="7" count="2" type="stmt"/>
        <line num="11" count="1" type="stmt"/>
        <line num="15" count="1" type="stmt"/>
        <line num="16" count="10" type="stmt"/>
        <line num="18" count="1" type="stmt"/>
        <line num="20" count="1" type="stmt"/>
        <line num="21" count="20" type="stmt"/>
        <line num="22" count="20" type="stmt"/>
        <line num="24" count="20" type="cond" truecount="2" falsecount="1"/>
        <line num="25" count="0" type="stmt"/>
        <line num="27" count="20" type="cond" truecount="3" falsecount="0"/>
        <line num="28" count="9" type="stmt"/>
        <line num="31" count="11" type="cond" truecount="3" falsecount="0"/>
        <line num="32" count="6" type="stmt"/>
        <line num="35" count="5" type="cond" truecount="0" falsecount="1"/>
        <line num="36" count="0" type="stmt"/>
        <line num="39" count="5" type="stmt"/>
        <line num="40" count="5" type="stmt"/>
        <line num="45" count="1" type="stmt"/>
        <line num="46" count="1" type="stmt"/>
        <line num="48" count="1" type="cond" truecount="2" falsecount="0"/>
        <line num="49" count="5" type="stmt"/>
        <line num="50" count="5" type="stmt"/>
        <line num="53" count="1" type="stmt"/>
        <line num="57" count="1" type="stmt"/>
        <line num="61" count="20" type="stmt"/>
        <line num="72" count="20" type="stmt"/>
        <line num="73" count="20" type="stmt"/>
        <line num="74" count="20" type="stmt"/>
      </file>
    </package>
    <package name="src.classes.utils">
      <metrics statements="7" coveredstatements="7" conditionals="1" coveredconditionals="1" methods="1" coveredmethods="1"/>
      <file name="printBoard.ts" path="D:\dev\WORKING_PROJECTS\_typescript\bitsCraft\src\classes\utils\printBoard.ts">
        <metrics statements="7" coveredstatements="7" conditionals="1" coveredconditionals="1" methods="1" coveredmethods="1"/>
        <line num="3" count="1" type="stmt"/>
        <line num="4" count="2" type="cond" truecount="1" falsecount="0"/>
        <line num="5" count="1" type="stmt"/>
        <line num="8" count="1" type="stmt"/>
        <line num="9" count="1" type="stmt"/>
        <line num="10" count="10" type="stmt"/>
        <line num="12" count="1" type="stmt"/>
      </file>
    </package>
    <package name="tests.helpers">
      <metrics statements="3" coveredstatements="3" conditionals="0" coveredconditionals="0" methods="0" coveredmethods="0"/>
      <file name="helpers.ts" path="D:\dev\WORKING_PROJECTS\_typescript\bitsCraft\tests\helpers\helpers.ts">
        <metrics statements="3" coveredstatements="3" conditionals="0" coveredconditionals="0" methods="0" coveredmethods="0"/>
        <line num="1" count="2" type="stmt"/>
        <line num="3" count="2" type="stmt"/>
        <line num="4" count="2" type="stmt"/>
      </file>
    </package>
  </project>
</coverage>
