<?xml version="1.0" encoding="UTF-8"?>
<coverage generated="1690394017463" clover="3.2.0">
  <project timestamp="1690394017463" name="All files">
    <metrics statements="138" coveredstatements="134" conditionals="30" coveredconditionals="27" methods="25" coveredmethods="25" elements="193" coveredelements="186" complexity="0" loc="138" ncloc="138" packages="6" files="6" classes="6"/>
    <package name="src.setup">
      <metrics statements="16" coveredstatements="16" conditionals="4" coveredconditionals="4" methods="4" coveredmethods="4"/>
      <file name="InitBoard.ts" path="D:\dev\WORKING_PROJECTS\_typescript\bitsCraft\src\setup\InitBoard.ts">
        <metrics statements="16" coveredstatements="16" conditionals="4" coveredconditionals="4" methods="4" coveredmethods="4"/>
        <line num="1" count="5" type="stmt"/>
        <line num="7" count="11" type="stmt"/>
        <line num="8" count="11" type="stmt"/>
        <line num="9" count="11" type="stmt"/>
        <line num="14" count="10" type="stmt"/>
        <line num="15" count="195" type="stmt"/>
        <line num="18" count="10" type="stmt"/>
        <line num="19" count="10" type="stmt"/>
        <line num="24" count="10" type="stmt"/>
        <line num="25" count="195" type="cond" truecount="2" falsecount="0"/>
        <line num="26" count="95" type="stmt"/>
        <line num="28" count="100" type="stmt"/>
        <line num="32" count="10" type="stmt"/>
        <line num="33" count="285" type="cond" truecount="2" falsecount="0"/>
        <line num="34" count="185" type="stmt"/>
        <line num="36" count="100" type="stmt"/>
      </file>
    </package>
    <package name="src.setup.buildPlayers">
      <metrics statements="31" coveredstatements="31" conditionals="4" coveredconditionals="4" methods="5" coveredmethods="5"/>
      <file name="PlayersBuilder.ts" path="D:\dev\WORKING_PROJECTS\_typescript\bitsCraft\src\setup\buildPlayers\PlayersBuilder.ts">
        <metrics statements="31" coveredstatements="31" conditionals="4" coveredconditionals="4" methods="5" coveredmethods="5"/>
        <line num="3" count="4" type="stmt"/>
        <line num="7" count="9" type="stmt"/>
        <line num="11" count="8" type="stmt"/>
        <line num="12" count="8" type="stmt"/>
        <line num="16" count="8" type="stmt"/>
        <line num="17" count="8" type="stmt"/>
        <line num="24" count="8" type="stmt"/>
        <line num="31" count="8" type="stmt"/>
        <line num="32" count="32" type="stmt"/>
        <line num="34" count="32" type="stmt"/>
        <line num="37" count="8" type="stmt"/>
        <line num="38" count="32" type="stmt"/>
        <line num="39" count="32" type="stmt"/>
        <line num="44" count="8" type="stmt"/>
        <line num="45" count="8" type="stmt"/>
        <line num="51" count="8" type="stmt"/>
        <line num="57" count="8" type="stmt"/>
        <line num="58" count="32" type="stmt"/>
        <line num="60" count="32" type="stmt"/>
        <line num="63" count="8" type="stmt"/>
        <line num="64" count="32" type="stmt"/>
        <line num="65" count="32" type="stmt"/>
        <line num="70" count="16" type="stmt"/>
        <line num="71" count="16" type="stmt"/>
        <line num="73" count="16" type="cond" truecount="2" falsecount="0"/>
        <line num="74" count="8" type="stmt"/>
        <line num="76" count="8" type="stmt"/>
        <line num="78" count="16" type="cond" truecount="2" falsecount="0"/>
        <line num="79" count="23" type="stmt"/>
        <line num="82" count="16" type="stmt"/>
        <line num="83" count="16" type="stmt"/>
      </file>
    </package>
    <package name="src.setup.buildResources">
      <metrics statements="35" coveredstatements="31" conditionals="9" coveredconditionals="6" methods="6" coveredmethods="6"/>
      <file name="ResourceBuilder.ts" path="D:\dev\WORKING_PROJECTS\_typescript\bitsCraft\src\setup\buildResources\ResourceBuilder.ts">
        <metrics statements="35" coveredstatements="31" conditionals="9" coveredconditionals="6" methods="6" coveredmethods="6"/>
        <line num="3" count="1" type="stmt"/>
        <line num="9" count="4" type="stmt"/>
        <line num="10" count="4" type="stmt"/>
        <line num="11" count="4" type="stmt"/>
        <line num="15" count="3" type="stmt"/>
        <line num="18" count="3" type="stmt"/>
        <line num="20" count="3" type="stmt"/>
        <line num="22" count="3" type="stmt"/>
        <line num="27" count="3" type="stmt"/>
        <line num="28" count="3" type="stmt"/>
        <line num="29" count="9" type="stmt"/>
        <line num="31" count="9" type="cond" truecount="1" falsecount="1"/>
        <line num="32" count="9" type="stmt"/>
        <line num="33" count="9" type="stmt"/>
        <line num="34" count="9" type="stmt"/>
        <line num="36" count="0" type="stmt"/>
        <line num="42" count="6" type="stmt"/>
        <line num="44" count="6" type="stmt"/>
        <line num="45" count="9" type="stmt"/>
        <line num="46" count="9" type="cond" truecount="3" falsecount="0"/>
        <line num="47" count="3" type="stmt"/>
        <line num="50" count="6" type="stmt"/>
        <line num="51" count="6" type="cond" truecount="1" falsecount="1"/>
        <line num="52" count="6" type="stmt"/>
        <line num="53" count="6" type="stmt"/>
        <line num="55" count="0" type="stmt"/>
        <line num="61" count="15" type="cond" truecount="0" falsecount="1"/>
        <line num="62" count="0" type="stmt"/>
        <line num="64" count="15" type="stmt"/>
        <line num="75" count="15" type="stmt"/>
        <line num="76" count="21" type="stmt"/>
        <line num="77" count="21" type="cond" truecount="1" falsecount="0"/>
        <line num="78" count="15" type="stmt"/>
        <line num="81" count="0" type="stmt"/>
        <line num="85" count="15" type="stmt"/>
      </file>
    </package>
    <package name="src.setup.buildTerrain">
      <metrics statements="30" coveredstatements="30" conditionals="12" coveredconditionals="12" methods="6" coveredmethods="6"/>
      <file name="TerrainBuilder.ts" path="D:\dev\WORKING_PROJECTS\_typescript\bitsCraft\src\setup\buildTerrain\TerrainBuilder.ts">
        <metrics statements="30" coveredstatements="30" conditionals="12" coveredconditionals="12" methods="6" coveredmethods="6"/>
        <line num="3" count="4" type="stmt"/>
        <line num="7" count="8" type="stmt"/>
        <line num="11" count="121" type="stmt"/>
        <line num="15" count="121" type="stmt"/>
        <line num="16" count="2420" type="stmt"/>
        <line num="18" count="121" type="stmt"/>
        <line num="20" count="121" type="stmt"/>
        <line num="21" count="2420" type="stmt"/>
        <line num="22" count="2420" type="stmt"/>
        <line num="24" count="2420" type="cond" truecount="3" falsecount="0"/>
        <line num="25" count="34" type="stmt"/>
        <line num="27" count="2386" type="cond" truecount="3" falsecount="0"/>
        <line num="28" count="181" type="stmt"/>
        <line num="31" count="2205" type="cond" truecount="3" falsecount="0"/>
        <line num="32" count="171" type="stmt"/>
        <line num="35" count="2034" type="cond" truecount="1" falsecount="0"/>
        <line num="36" count="555" type="stmt"/>
        <line num="39" count="1479" type="stmt"/>
        <line num="40" count="1479" type="stmt"/>
        <line num="45" count="121" type="stmt"/>
        <line num="46" count="121" type="stmt"/>
        <line num="48" count="121" type="cond" truecount="2" falsecount="0"/>
        <line num="49" count="203" type="stmt"/>
        <line num="50" count="203" type="stmt"/>
        <line num="53" count="121" type="stmt"/>
        <line num="57" count="121" type="stmt"/>
        <line num="61" count="2420" type="stmt"/>
        <line num="72" count="2420" type="stmt"/>
        <line num="73" count="2420" type="stmt"/>
        <line num="74" count="2420" type="stmt"/>
      </file>
    </package>
    <package name="src.utils">
      <metrics statements="7" coveredstatements="7" conditionals="1" coveredconditionals="1" methods="1" coveredmethods="1"/>
      <file name="printBoard.ts" path="D:\dev\WORKING_PROJECTS\_typescript\bitsCraft\src\utils\printBoard.ts">
        <metrics statements="7" coveredstatements="7" conditionals="1" coveredconditionals="1" methods="1" coveredmethods="1"/>
        <line num="3" count="1" type="stmt"/>
        <line num="4" count="2" type="cond" truecount="1" falsecount="0"/>
        <line num="5" count="1" type="stmt"/>
        <line num="8" count="1" type="stmt"/>
        <line num="9" count="1" type="stmt"/>
        <line num="10" count="20" type="stmt"/>
        <line num="12" count="1" type="stmt"/>
      </file>
    </package>
    <package name="tests.helpers">
      <metrics statements="19" coveredstatements="19" conditionals="0" coveredconditionals="0" methods="3" coveredmethods="3"/>
      <file name="testBoards.ts" path="D:\dev\WORKING_PROJECTS\_typescript\bitsCraft\tests\helpers\testBoards.ts">
        <metrics statements="19" coveredstatements="19" conditionals="0" coveredconditionals="0" methods="3" coveredmethods="3"/>
        <line num="1" count="4" type="stmt"/>
        <line num="2" count="4" type="stmt"/>
        <line num="3" count="4" type="stmt"/>
        <line num="6" count="4" type="stmt"/>
        <line num="7" count="9" type="stmt"/>
        <line num="8" count="9" type="stmt"/>
        <line num="10" count="9" type="stmt"/>
        <line num="13" count="4" type="stmt"/>
        <line num="14" count="6" type="stmt"/>
        <line num="15" count="6" type="stmt"/>
        <line num="16" count="6" type="stmt"/>
        <line num="17" count="60" type="stmt"/>
        <line num="18" count="60" type="stmt"/>
        <line num="21" count="6" type="stmt"/>
        <line num="24" count="4" type="stmt"/>
        <line num="25" count="4" type="stmt"/>
        <line num="26" count="4" type="stmt"/>
        <line num="27" count="4" type="stmt"/>
        <line num="29" count="4" type="stmt"/>
      </file>
    </package>
  </project>
</coverage>
