{"D:\\dev\\WORKING_PROJECTS\\_typescript\\bitsCraft\\src\\classes\\InitBoard.ts": {"path":"D:\\dev\\WORKING_PROJECTS\\_typescript\\bitsCraft\\src\\classes\\InitBoard.ts","statementMap":{"0":{"start":{"line":7,"column":4},"end":{"line":7,"column":20}},"1":{"start":{"line":8,"column":4},"end":{"line":8,"column":25}},"2":{"start":{"line":9,"column":4},"end":{"line":9,"column":23}},"3":{"start":{"line":14,"column":4},"end":{"line":16,"column":6}},"4":{"start":{"line":15,"column":6},"end":{"line":15,"column":42}},"5":{"start":{"line":18,"column":4},"end":{"line":18,"column":38}},"6":{"start":{"line":20,"column":4},"end":{"line":20,"column":22}},"7":{"start":{"line":24,"column":4},"end":{"line":32,"column":null}},"8":{"start":{"line":24,"column":17},"end":{"line":24,"column":18}},"9":{"start":{"line":25,"column":6},"end":{"line":31,"column":null}},"10":{"start":{"line":26,"column":8},"end":{"line":26,"column":35}},"11":{"start":{"line":27,"column":8},"end":{"line":27,"column":35}},"12":{"start":{"line":29,"column":8},"end":{"line":29,"column":36}},"13":{"start":{"line":30,"column":8},"end":{"line":30,"column":36}},"14":{"start":{"line":1,"column":0},"end":{"line":1,"column":13}}},"fnMap":{"0":{"name":"(anonymous_0)","decl":{"start":{"line":6,"column":2},"end":{"line":6,"column":14}},"loc":{"start":{"line":6,"column":43},"end":{"line":10,"column":3}}},"1":{"name":"(anonymous_1)","decl":{"start":{"line":12,"column":2},"end":{"line":12,"column":12}},"loc":{"start":{"line":12,"column":12},"end":{"line":21,"column":3}}},"2":{"name":"(anonymous_2)","decl":{"start":{"line":14,"column":53},"end":{"line":14,"column":56}},"loc":{"start":{"line":15,"column":6},"end":{"line":15,"column":42}}},"3":{"name":"(anonymous_3)","decl":{"start":{"line":23,"column":10},"end":{"line":23,"column":25}},"loc":{"start":{"line":23,"column":40},"end":{"line":33,"column":3}}}},"branchMap":{"0":{"loc":{"start":{"line":25,"column":6},"end":{"line":31,"column":null}},"type":"if","locations":[{"start":{"line":25,"column":6},"end":{"line":31,"column":null}},{"start":{"line":28,"column":13},"end":{"line":31,"column":null}}]}},"s":{"0":10,"1":10,"2":10,"3":14,"4":195,"5":14,"6":14,"7":14,"8":14,"9":195,"10":55,"11":55,"12":140,"13":140,"14":4},"f":{"0":10,"1":14,"2":195,"3":14},"b":{"0":[55,140]}}
,"D:\\dev\\WORKING_PROJECTS\\_typescript\\bitsCraft\\src\\classes\\terrain\\TerrainBuilder.ts": {"path":"D:\\dev\\WORKING_PROJECTS\\_typescript\\bitsCraft\\src\\classes\\terrain\\TerrainBuilder.ts","statementMap":{"0":{"start":{"line":2,"column":0},"end":{"line":2,"column":53}},"1":{"start":{"line":3,"column":0},"end":{"line":3,"column":57}},"2":{"start":{"line":9,"column":4},"end":{"line":9,"column":23}},"3":{"start":{"line":13,"column":4},"end":{"line":13,"column":53}},"4":{"start":{"line":17,"column":16},"end":{"line":17,"column":61}},"5":{"start":{"line":18,"column":15},"end":{"line":19,"column":null}},"6":{"start":{"line":19,"column":4},"end":{"line":19,"column":47}},"7":{"start":{"line":22,"column":2},"end":{"line":22,"column":53}},"8":{"start":{"line":5,"column":0},"end":{"line":5,"column":13}}},"fnMap":{"0":{"name":"(anonymous_0)","decl":{"start":{"line":8,"column":2},"end":{"line":8,"column":14}},"loc":{"start":{"line":8,"column":30},"end":{"line":10,"column":3}}},"1":{"name":"(anonymous_1)","decl":{"start":{"line":12,"column":2},"end":{"line":12,"column":14}},"loc":{"start":{"line":12,"column":44},"end":{"line":14,"column":3}}},"2":{"name":"(anonymous_2)","decl":{"start":{"line":16,"column":10},"end":{"line":16,"column":26}},"loc":{"start":{"line":16,"column":74},"end":{"line":23,"column":1}}},"3":{"name":"(anonymous_3)","decl":{"start":{"line":18,"column":52},"end":{"line":18,"column":55}},"loc":{"start":{"line":19,"column":4},"end":{"line":19,"column":47}}}},"branchMap":{},"s":{"0":1,"1":1,"2":2,"3":1,"4":1,"5":1,"6":10,"7":1,"8":1},"f":{"0":2,"1":1,"2":1,"3":10},"b":{}}
,"D:\\dev\\WORKING_PROJECTS\\_typescript\\bitsCraft\\src\\classes\\utils\\getRandomPoint.ts": {"path":"D:\\dev\\WORKING_PROJECTS\\_typescript\\bitsCraft\\src\\classes\\utils\\getRandomPoint.ts","statementMap":{"0":{"start":{"line":7,"column":21},"end":{"line":7,"column":22}},"1":{"start":{"line":8,"column":21},"end":{"line":8,"column":22}},"2":{"start":{"line":10,"column":2},"end":{"line":13,"column":null}},"3":{"start":{"line":11,"column":4},"end":{"line":11,"column":51}},"4":{"start":{"line":12,"column":4},"end":{"line":12,"column":50}},"5":{"start":{"line":15,"column":31},"end":{"line":18,"column":null}},"6":{"start":{"line":20,"column":2},"end":{"line":20,"column":19}},"7":{"start":{"line":6,"column":0},"end":{"line":6,"column":16}}},"fnMap":{"0":{"name":"getRandomPoint","decl":{"start":{"line":6,"column":16},"end":{"line":6,"column":30}},"loc":{"start":{"line":6,"column":70},"end":{"line":21,"column":1}}}},"branchMap":{"0":{"loc":{"start":{"line":10,"column":9},"end":{"line":10,"column":45}},"type":"binary-expr","locations":[{"start":{"line":10,"column":9},"end":{"line":10,"column":17}},{"start":{"line":10,"column":21},"end":{"line":10,"column":45}}]}},"s":{"0":3,"1":3,"2":3,"3":45,"4":45,"5":3,"6":3,"7":2},"f":{"0":3},"b":{"0":[48,19]}}
,"D:\\dev\\WORKING_PROJECTS\\_typescript\\bitsCraft\\src\\classes\\utils\\placeTerrain.ts": {"path":"D:\\dev\\WORKING_PROJECTS\\_typescript\\bitsCraft\\src\\classes\\utils\\placeTerrain.ts","statementMap":{"0":{"start":{"line":4,"column":12},"end":{"line":13,"column":2}},"1":{"start":{"line":23,"column":2},"end":{"line":25,"column":null}},"2":{"start":{"line":24,"column":4},"end":{"line":24,"column":17}},"3":{"start":{"line":26,"column":2},"end":{"line":28,"column":null}},"4":{"start":{"line":27,"column":4},"end":{"line":27,"column":17}},"5":{"start":{"line":29,"column":2},"end":{"line":31,"column":null}},"6":{"start":{"line":30,"column":4},"end":{"line":30,"column":17}},"7":{"start":{"line":33,"column":2},"end":{"line":35,"column":null}},"8":{"start":{"line":34,"column":4},"end":{"line":34,"column":17}},"9":{"start":{"line":37,"column":2},"end":{"line":39,"column":null}},"10":{"start":{"line":38,"column":4},"end":{"line":38,"column":17}},"11":{"start":{"line":45,"column":2},"end":{"line":45,"column":30}},"12":{"start":{"line":46,"column":32},"end":{"line":46,"column":62}},"13":{"start":{"line":47,"column":2},"end":{"line":49,"column":null}},"14":{"start":{"line":48,"column":4},"end":{"line":48,"column":40}},"15":{"start":{"line":51,"column":2},"end":{"line":61,"column":null}},"16":{"start":{"line":51,"column":15},"end":{"line":51,"column":16}},"17":{"start":{"line":52,"column":19},"end":{"line":52,"column":25}},"18":{"start":{"line":53,"column":4},"end":{"line":60,"column":6}},"19":{"start":{"line":63,"column":2},"end":{"line":63,"column":15}},"20":{"start":{"line":15,"column":0},"end":{"line":15,"column":16}}},"fnMap":{"0":{"name":"placeTerrain","decl":{"start":{"line":15,"column":16},"end":{"line":15,"column":28}},"loc":{"start":{"line":21,"column":19},"end":{"line":64,"column":1}}}},"branchMap":{"0":{"loc":{"start":{"line":23,"column":2},"end":{"line":25,"column":null}},"type":"if","locations":[{"start":{"line":23,"column":2},"end":{"line":25,"column":null}}]},"1":{"loc":{"start":{"line":26,"column":2},"end":{"line":28,"column":null}},"type":"if","locations":[{"start":{"line":26,"column":2},"end":{"line":28,"column":null}}]},"2":{"loc":{"start":{"line":26,"column":6},"end":{"line":26,"column":43}},"type":"binary-expr","locations":[{"start":{"line":26,"column":6},"end":{"line":26,"column":17}},{"start":{"line":26,"column":21},"end":{"line":26,"column":43}}]},"3":{"loc":{"start":{"line":29,"column":2},"end":{"line":31,"column":null}},"type":"if","locations":[{"start":{"line":29,"column":2},"end":{"line":31,"column":null}}]},"4":{"loc":{"start":{"line":29,"column":6},"end":{"line":29,"column":46}},"type":"binary-expr","locations":[{"start":{"line":29,"column":6},"end":{"line":29,"column":17}},{"start":{"line":29,"column":21},"end":{"line":29,"column":46}}]},"5":{"loc":{"start":{"line":33,"column":2},"end":{"line":35,"column":null}},"type":"if","locations":[{"start":{"line":33,"column":2},"end":{"line":35,"column":null}}]},"6":{"loc":{"start":{"line":33,"column":6},"end":{"line":33,"column":45}},"type":"binary-expr","locations":[{"start":{"line":33,"column":6},"end":{"line":33,"column":16}},{"start":{"line":33,"column":20},"end":{"line":33,"column":45}}]},"7":{"loc":{"start":{"line":37,"column":2},"end":{"line":39,"column":null}},"type":"if","locations":[{"start":{"line":37,"column":2},"end":{"line":39,"column":null}}]},"8":{"loc":{"start":{"line":47,"column":2},"end":{"line":49,"column":null}},"type":"if","locations":[{"start":{"line":47,"column":2},"end":{"line":49,"column":null}}]}},"s":{"0":2,"1":272,"2":169,"3":103,"4":2,"5":101,"6":5,"7":96,"8":18,"9":78,"10":45,"11":33,"12":33,"13":33,"14":11,"15":33,"16":33,"17":264,"18":264,"19":33,"20":2},"f":{"0":272},"b":{"0":[169],"1":[2],"2":[103,102],"3":[5],"4":[101,100],"5":[18],"6":[96,78],"7":[45],"8":[11]}}
,"D:\\dev\\WORKING_PROJECTS\\_typescript\\bitsCraft\\src\\classes\\utils\\printBoard.ts": {"path":"D:\\dev\\WORKING_PROJECTS\\_typescript\\bitsCraft\\src\\classes\\utils\\printBoard.ts","statementMap":{"0":{"start":{"line":4,"column":2},"end":{"line":6,"column":null}},"1":{"start":{"line":5,"column":4},"end":{"line":5,"column":27}},"2":{"start":{"line":8,"column":20},"end":{"line":8,"column":22}},"3":{"start":{"line":9,"column":2},"end":{"line":11,"column":null}},"4":{"start":{"line":9,"column":15},"end":{"line":9,"column":16}},"5":{"start":{"line":10,"column":4},"end":{"line":10,"column":null}},"6":{"start":{"line":12,"column":2},"end":{"line":12,"column":13}},"7":{"start":{"line":3,"column":0},"end":{"line":3,"column":16}}},"fnMap":{"0":{"name":"printBoard","decl":{"start":{"line":3,"column":16},"end":{"line":3,"column":26}},"loc":{"start":{"line":3,"column":50},"end":{"line":13,"column":1}}}},"branchMap":{"0":{"loc":{"start":{"line":4,"column":2},"end":{"line":6,"column":null}},"type":"if","locations":[{"start":{"line":4,"column":2},"end":{"line":6,"column":null}}]}},"s":{"0":2,"1":1,"2":1,"3":1,"4":1,"5":10,"6":1,"7":1},"f":{"0":2},"b":{"0":[1]}}
,"D:\\dev\\WORKING_PROJECTS\\_typescript\\bitsCraft\\tests\\helpers\\helpers.ts": {"path":"D:\\dev\\WORKING_PROJECTS\\_typescript\\bitsCraft\\tests\\helpers\\helpers.ts","statementMap":{"0":{"start":{"line":1,"column":0},"end":{"line":1,"column":56}},"1":{"start":{"line":3,"column":13},"end":{"line":3,"column":33}},"2":{"start":{"line":4,"column":13},"end":{"line":4,"column":49}}},"fnMap":{},"branchMap":{},"s":{"0":3,"1":3,"2":3},"f":{},"b":{}}
}
