{"D:\\dev\\WORKING_PROJECTS\\_typescript\\bitsCraft\\src\\setup\\InitBoard.ts": {"path":"D:\\dev\\WORKING_PROJECTS\\_typescript\\bitsCraft\\src\\setup\\InitBoard.ts","statementMap":{"0":{"start":{"line":9,"column":4},"end":{"line":9,"column":20}},"1":{"start":{"line":10,"column":4},"end":{"line":10,"column":25}},"2":{"start":{"line":11,"column":4},"end":{"line":11,"column":23}},"3":{"start":{"line":16,"column":15},"end":{"line":16,"column":16}},"4":{"start":{"line":17,"column":4},"end":{"line":24,"column":7}},"5":{"start":{"line":18,"column":26},"end":{"line":18,"column":28}},"6":{"start":{"line":19,"column":6},"end":{"line":21,"column":null}},"7":{"start":{"line":19,"column":19},"end":{"line":19,"column":20}},"8":{"start":{"line":20,"column":8},"end":{"line":20,"column":43}},"9":{"start":{"line":22,"column":6},"end":{"line":22,"column":null}},"10":{"start":{"line":23,"column":6},"end":{"line":23,"column":17}},"11":{"start":{"line":26,"column":4},"end":{"line":26,"column":50}},"12":{"start":{"line":27,"column":4},"end":{"line":27,"column":22}},"13":{"start":{"line":32,"column":4},"end":{"line":39,"column":null}},"14":{"start":{"line":32,"column":17},"end":{"line":32,"column":18}},"15":{"start":{"line":33,"column":6},"end":{"line":33,"column":39}},"16":{"start":{"line":34,"column":6},"end":{"line":38,"column":null}},"17":{"start":{"line":35,"column":8},"end":{"line":35,"column":77}},"18":{"start":{"line":37,"column":8},"end":{"line":37,"column":78}},"19":{"start":{"line":41,"column":4},"end":{"line":48,"column":null}},"20":{"start":{"line":41,"column":17},"end":{"line":41,"column":18}},"21":{"start":{"line":42,"column":6},"end":{"line":42,"column":39}},"22":{"start":{"line":43,"column":6},"end":{"line":47,"column":null}},"23":{"start":{"line":44,"column":8},"end":{"line":44,"column":77}},"24":{"start":{"line":46,"column":8},"end":{"line":46,"column":78}},"25":{"start":{"line":52,"column":30},"end":{"line":62,"column":6}},"26":{"start":{"line":63,"column":4},"end":{"line":63,"column":23}},"27":{"start":{"line":3,"column":0},"end":{"line":3,"column":13}}},"fnMap":{"0":{"name":"(anonymous_0)","decl":{"start":{"line":8,"column":2},"end":{"line":8,"column":14}},"loc":{"start":{"line":8,"column":43},"end":{"line":12,"column":3}}},"1":{"name":"(anonymous_1)","decl":{"start":{"line":14,"column":2},"end":{"line":14,"column":12}},"loc":{"start":{"line":14,"column":12},"end":{"line":28,"column":3}}},"2":{"name":"(anonymous_2)","decl":{"start":{"line":17,"column":53},"end":{"line":17,"column":56}},"loc":{"start":{"line":17,"column":58},"end":{"line":24,"column":5}}},"3":{"name":"(anonymous_3)","decl":{"start":{"line":30,"column":10},"end":{"line":30,"column":25}},"loc":{"start":{"line":30,"column":55},"end":{"line":49,"column":3}}},"4":{"name":"(anonymous_4)","decl":{"start":{"line":51,"column":10},"end":{"line":51,"column":20}},"loc":{"start":{"line":51,"column":41},"end":{"line":64,"column":3}}}},"branchMap":{"0":{"loc":{"start":{"line":34,"column":6},"end":{"line":38,"column":null}},"type":"if","locations":[{"start":{"line":34,"column":6},"end":{"line":38,"column":null}},{"start":{"line":36,"column":13},"end":{"line":38,"column":null}}]},"1":{"loc":{"start":{"line":43,"column":6},"end":{"line":47,"column":null}},"type":"if","locations":[{"start":{"line":43,"column":6},"end":{"line":47,"column":null}},{"start":{"line":45,"column":13},"end":{"line":47,"column":null}}]}},"s":{"0":20,"1":20,"2":20,"3":19,"4":19,"5":375,"6":375,"7":375,"8":11025,"9":375,"10":375,"11":19,"12":19,"13":19,"14":19,"15":375,"16":375,"17":185,"18":190,"19":19,"20":19,"21":555,"22":555,"23":365,"24":190,"25":11025,"26":11025,"27":6},"f":{"0":20,"1":19,"2":375,"3":19,"4":11025},"b":{"0":[185,190],"1":[365,190]}}
,"D:\\dev\\WORKING_PROJECTS\\_typescript\\bitsCraft\\src\\setup\\buildPlayers\\PlayerBuilder.ts": {"path":"D:\\dev\\WORKING_PROJECTS\\_typescript\\bitsCraft\\src\\setup\\buildPlayers\\PlayerBuilder.ts","statementMap":{"0":{"start":{"line":7,"column":4},"end":{"line":7,"column":23}},"1":{"start":{"line":11,"column":17},"end":{"line":12,"column":null}},"2":{"start":{"line":12,"column":6},"end":{"line":12,"column":54}},"3":{"start":{"line":14,"column":27},"end":{"line":19,"column":6}},"4":{"start":{"line":20,"column":4},"end":{"line":20,"column":29}},"5":{"start":{"line":21,"column":4},"end":{"line":21,"column":33}},"6":{"start":{"line":23,"column":4},"end":{"line":23,"column":18}},"7":{"start":{"line":26,"column":24},"end":{"line":26,"column":26}},"8":{"start":{"line":27,"column":27},"end":{"line":27,"column":29}},"9":{"start":{"line":29,"column":4},"end":{"line":33,"column":null}},"10":{"start":{"line":30,"column":6},"end":{"line":30,"column":104}},"11":{"start":{"line":30,"column":45},"end":{"line":30,"column":102}},"12":{"start":{"line":31,"column":6},"end":{"line":31,"column":107}},"13":{"start":{"line":31,"column":48},"end":{"line":31,"column":105}},"14":{"start":{"line":32,"column":6},"end":{"line":32,"column":72}},"15":{"start":{"line":35,"column":4},"end":{"line":43,"column":null}},"16":{"start":{"line":36,"column":6},"end":{"line":38,"column":8}},"17":{"start":{"line":37,"column":18},"end":{"line":37,"column":75}},"18":{"start":{"line":39,"column":6},"end":{"line":41,"column":8}},"19":{"start":{"line":40,"column":18},"end":{"line":40,"column":75}},"20":{"start":{"line":42,"column":6},"end":{"line":42,"column":72}},"21":{"start":{"line":47,"column":19},"end":{"line":47,"column":47}},"22":{"start":{"line":48,"column":26},"end":{"line":48,"column":28}},"23":{"start":{"line":50,"column":4},"end":{"line":65,"column":null}},"24":{"start":{"line":51,"column":6},"end":{"line":64,"column":null}},"25":{"start":{"line":67,"column":4},"end":{"line":82,"column":null}},"26":{"start":{"line":68,"column":6},"end":{"line":81,"column":8}},"27":{"start":{"line":84,"column":4},"end":{"line":87,"column":null}},"28":{"start":{"line":84,"column":17},"end":{"line":84,"column":18}},"29":{"start":{"line":85,"column":19},"end":{"line":85,"column":25}},"30":{"start":{"line":86,"column":6},"end":{"line":86,"column":49}},"31":{"start":{"line":89,"column":4},"end":{"line":91,"column":7}},"32":{"start":{"line":90,"column":6},"end":{"line":90,"column":55}},"33":{"start":{"line":3,"column":0},"end":{"line":3,"column":13}}},"fnMap":{"0":{"name":"(anonymous_0)","decl":{"start":{"line":6,"column":2},"end":{"line":6,"column":14}},"loc":{"start":{"line":6,"column":30},"end":{"line":8,"column":3}}},"1":{"name":"(anonymous_1)","decl":{"start":{"line":10,"column":2},"end":{"line":10,"column":8}},"loc":{"start":{"line":10,"column":18},"end":{"line":24,"column":3}}},"2":{"name":"(anonymous_2)","decl":{"start":{"line":11,"column":59},"end":{"line":11,"column":62}},"loc":{"start":{"line":12,"column":6},"end":{"line":12,"column":54}}},"3":{"name":"(anonymous_3)","decl":{"start":{"line":25,"column":10},"end":{"line":25,"column":21}},"loc":{"start":{"line":25,"column":36},"end":{"line":44,"column":3}}},"4":{"name":"(anonymous_4)","decl":{"start":{"line":30,"column":35},"end":{"line":30,"column":36}},"loc":{"start":{"line":30,"column":45},"end":{"line":30,"column":102}}},"5":{"name":"(anonymous_5)","decl":{"start":{"line":31,"column":38},"end":{"line":31,"column":39}},"loc":{"start":{"line":31,"column":48},"end":{"line":31,"column":105}}},"6":{"name":"(anonymous_6)","decl":{"start":{"line":37,"column":8},"end":{"line":37,"column":9}},"loc":{"start":{"line":37,"column":18},"end":{"line":37,"column":75}}},"7":{"name":"(anonymous_7)","decl":{"start":{"line":40,"column":8},"end":{"line":40,"column":9}},"loc":{"start":{"line":40,"column":18},"end":{"line":40,"column":75}}},"8":{"name":"(anonymous_8)","decl":{"start":{"line":46,"column":10},"end":{"line":46,"column":25}},"loc":{"start":{"line":46,"column":40},"end":{"line":92,"column":3}}},"9":{"name":"(anonymous_9)","decl":{"start":{"line":89,"column":32},"end":{"line":89,"column":33}},"loc":{"start":{"line":89,"column":41},"end":{"line":91,"column":5}}}},"branchMap":{"0":{"loc":{"start":{"line":15,"column":12},"end":{"line":15,"column":49}},"type":"cond-expr","locations":[{"start":{"line":15,"column":22},"end":{"line":15,"column":34}},{"start":{"line":15,"column":37},"end":{"line":15,"column":49}}]},"1":{"loc":{"start":{"line":29,"column":4},"end":{"line":33,"column":null}},"type":"if","locations":[{"start":{"line":29,"column":4},"end":{"line":33,"column":null}}]},"2":{"loc":{"start":{"line":35,"column":4},"end":{"line":43,"column":null}},"type":"if","locations":[{"start":{"line":35,"column":4},"end":{"line":43,"column":null}}]},"3":{"loc":{"start":{"line":50,"column":4},"end":{"line":65,"column":null}},"type":"if","locations":[{"start":{"line":50,"column":4},"end":{"line":65,"column":null}}]},"4":{"loc":{"start":{"line":67,"column":4},"end":{"line":82,"column":null}},"type":"if","locations":[{"start":{"line":67,"column":4},"end":{"line":82,"column":null}}]}},"s":{"0":4,"1":4,"2":80,"3":4,"4":4,"5":4,"6":4,"7":4,"8":4,"9":4,"10":2,"11":60,"12":2,"13":60,"14":2,"15":4,"16":2,"17":60,"18":2,"19":60,"20":2,"21":4,"22":4,"23":4,"24":2,"25":4,"26":2,"27":4,"28":4,"29":48,"30":48,"31":4,"32":16,"33":2},"f":{"0":4,"1":4,"2":80,"3":4,"4":60,"5":60,"6":60,"7":60,"8":4,"9":16},"b":{"0":[2,2],"1":[2],"2":[2],"3":[2],"4":[2]}}
,"D:\\dev\\WORKING_PROJECTS\\_typescript\\bitsCraft\\src\\setup\\buildPlayers\\PlayersPositions.ts": {"path":"D:\\dev\\WORKING_PROJECTS\\_typescript\\bitsCraft\\src\\setup\\buildPlayers\\PlayersPositions.ts","statementMap":{"0":{"start":{"line":7,"column":4},"end":{"line":7,"column":23}},"1":{"start":{"line":11,"column":4},"end":{"line":11,"column":null}},"2":{"start":{"line":12,"column":4},"end":{"line":12,"column":26}},"3":{"start":{"line":17,"column":19},"end":{"line":17,"column":42}},"4":{"start":{"line":19,"column":21},"end":{"line":24,"column":null}},"5":{"start":{"line":26,"column":21},"end":{"line":31,"column":null}},"6":{"start":{"line":33,"column":4},"end":{"line":43,"column":null}},"7":{"start":{"line":33,"column":17},"end":{"line":33,"column":18}},"8":{"start":{"line":34,"column":17},"end":{"line":34,"column":28}},"9":{"start":{"line":35,"column":21},"end":{"line":35,"column":53}},"10":{"start":{"line":38,"column":6},"end":{"line":38,"column":64}},"11":{"start":{"line":39,"column":6},"end":{"line":39,"column":35}},"12":{"start":{"line":40,"column":6},"end":{"line":40,"column":34}},"13":{"start":{"line":41,"column":6},"end":{"line":41,"column":26}},"14":{"start":{"line":42,"column":6},"end":{"line":42,"column":51}},"15":{"start":{"line":46,"column":5},"end":{"line":50,"column":null}},"16":{"start":{"line":46,"column":18},"end":{"line":46,"column":19}},"17":{"start":{"line":47,"column":17},"end":{"line":47,"column":28}},"18":{"start":{"line":48,"column":6},"end":{"line":48,"column":52}},"19":{"start":{"line":49,"column":6},"end":{"line":49,"column":51}},"20":{"start":{"line":54,"column":19},"end":{"line":54,"column":42}},"21":{"start":{"line":55,"column":21},"end":{"line":60,"column":null}},"22":{"start":{"line":61,"column":21},"end":{"line":66,"column":null}},"23":{"start":{"line":67,"column":4},"end":{"line":76,"column":null}},"24":{"start":{"line":67,"column":17},"end":{"line":67,"column":18}},"25":{"start":{"line":68,"column":17},"end":{"line":68,"column":28}},"26":{"start":{"line":69,"column":21},"end":{"line":69,"column":53}},"27":{"start":{"line":71,"column":6},"end":{"line":71,"column":64}},"28":{"start":{"line":72,"column":6},"end":{"line":72,"column":35}},"29":{"start":{"line":73,"column":6},"end":{"line":73,"column":34}},"30":{"start":{"line":74,"column":6},"end":{"line":74,"column":26}},"31":{"start":{"line":75,"column":6},"end":{"line":75,"column":51}},"32":{"start":{"line":78,"column":4},"end":{"line":82,"column":null}},"33":{"start":{"line":78,"column":17},"end":{"line":78,"column":18}},"34":{"start":{"line":79,"column":17},"end":{"line":79,"column":28}},"35":{"start":{"line":80,"column":6},"end":{"line":80,"column":52}},"36":{"start":{"line":81,"column":6},"end":{"line":81,"column":51}},"37":{"start":{"line":86,"column":23},"end":{"line":86,"column":24}},"38":{"start":{"line":87,"column":23},"end":{"line":87,"column":24}},"39":{"start":{"line":89,"column":4},"end":{"line":93,"column":null}},"40":{"start":{"line":90,"column":6},"end":{"line":90,"column":15}},"41":{"start":{"line":92,"column":6},"end":{"line":92,"column":35}},"42":{"start":{"line":94,"column":4},"end":{"line":96,"column":null}},"43":{"start":{"line":95,"column":6},"end":{"line":95,"column":62}},"44":{"start":{"line":98,"column":21},"end":{"line":98,"column":39}},"45":{"start":{"line":99,"column":4},"end":{"line":99,"column":20}},"46":{"start":{"line":3,"column":0},"end":{"line":3,"column":13}}},"fnMap":{"0":{"name":"(anonymous_0)","decl":{"start":{"line":6,"column":2},"end":{"line":6,"column":14}},"loc":{"start":{"line":6,"column":30},"end":{"line":8,"column":3}}},"1":{"name":"(anonymous_1)","decl":{"start":{"line":10,"column":2},"end":{"line":10,"column":22}},"loc":{"start":{"line":10,"column":22},"end":{"line":13,"column":3}}},"2":{"name":"(anonymous_2)","decl":{"start":{"line":15,"column":10},"end":{"line":15,"column":24}},"loc":{"start":{"line":15,"column":24},"end":{"line":51,"column":3}}},"3":{"name":"(anonymous_3)","decl":{"start":{"line":53,"column":10},"end":{"line":53,"column":24}},"loc":{"start":{"line":53,"column":24},"end":{"line":83,"column":3}}},"4":{"name":"(anonymous_4)","decl":{"start":{"line":85,"column":10},"end":{"line":85,"column":25}},"loc":{"start":{"line":85,"column":40},"end":{"line":100,"column":3}}}},"branchMap":{"0":{"loc":{"start":{"line":89,"column":4},"end":{"line":93,"column":null}},"type":"if","locations":[{"start":{"line":89,"column":4},"end":{"line":93,"column":null}},{"start":{"line":91,"column":11},"end":{"line":93,"column":null}}]},"1":{"loc":{"start":{"line":94,"column":11},"end":{"line":94,"column":55}},"type":"binary-expr","locations":[{"start":{"line":94,"column":11},"end":{"line":94,"column":19}},{"start":{"line":94,"column":23},"end":{"line":94,"column":55}}]}},"s":{"0":13,"1":12,"2":12,"3":12,"4":12,"5":12,"6":12,"7":12,"8":48,"9":48,"10":48,"11":48,"12":48,"13":48,"14":48,"15":12,"16":12,"17":48,"18":48,"19":48,"20":12,"21":12,"22":12,"23":12,"24":12,"25":48,"26":48,"27":48,"28":48,"29":48,"30":48,"31":48,"32":12,"33":12,"34":48,"35":48,"36":48,"37":24,"38":24,"39":24,"40":12,"41":12,"42":24,"43":36,"44":24,"45":24,"46":5},"f":{"0":13,"1":12,"2":12,"3":12,"4":24},"b":{"0":[12,12],"1":[60,29]}}
,"D:\\dev\\WORKING_PROJECTS\\_typescript\\bitsCraft\\src\\setup\\buildResources\\ResourceBuilder.ts": {"path":"D:\\dev\\WORKING_PROJECTS\\_typescript\\bitsCraft\\src\\setup\\buildResources\\ResourceBuilder.ts","statementMap":{"0":{"start":{"line":9,"column":4},"end":{"line":9,"column":23}},"1":{"start":{"line":10,"column":4},"end":{"line":10,"column":31}},"2":{"start":{"line":11,"column":4},"end":{"line":11,"column":59}},"3":{"start":{"line":15,"column":18},"end":{"line":15,"column":38}},"4":{"start":{"line":17,"column":4},"end":{"line":17,"column":28}},"5":{"start":{"line":19,"column":4},"end":{"line":21,"column":6}},"6":{"start":{"line":23,"column":4},"end":{"line":25,"column":6}},"7":{"start":{"line":29,"column":4},"end":{"line":31,"column":null}},"8":{"start":{"line":30,"column":6},"end":{"line":30,"column":19}},"9":{"start":{"line":33,"column":14},"end":{"line":42,"column":6}},"10":{"start":{"line":44,"column":4},"end":{"line":49,"column":null}},"11":{"start":{"line":44,"column":17},"end":{"line":44,"column":18}},"12":{"start":{"line":45,"column":21},"end":{"line":45,"column":27}},"13":{"start":{"line":46,"column":6},"end":{"line":48,"column":null}},"14":{"start":{"line":47,"column":8},"end":{"line":47,"column":20}},"15":{"start":{"line":50,"column":4},"end":{"line":50,"column":17}},"16":{"start":{"line":54,"column":4},"end":{"line":54,"column":46}},"17":{"start":{"line":55,"column":4},"end":{"line":55,"column":45}},"18":{"start":{"line":59,"column":20},"end":{"line":59,"column":22}},"19":{"start":{"line":60,"column":4},"end":{"line":70,"column":null}},"20":{"start":{"line":61,"column":20},"end":{"line":61,"column":63}},"21":{"start":{"line":63,"column":6},"end":{"line":69,"column":null}},"22":{"start":{"line":64,"column":8},"end":{"line":64,"column":26}},"23":{"start":{"line":65,"column":8},"end":{"line":65,"column":33}},"24":{"start":{"line":66,"column":8},"end":{"line":66,"column":24}},"25":{"start":{"line":68,"column":8},"end":{"line":68,"column":17}},"26":{"start":{"line":74,"column":24},"end":{"line":74,"column":62}},"27":{"start":{"line":76,"column":4},"end":{"line":88,"column":null}},"28":{"start":{"line":77,"column":19},"end":{"line":77,"column":77}},"29":{"start":{"line":81,"column":20},"end":{"line":81,"column":39}},"30":{"start":{"line":82,"column":6},"end":{"line":87,"column":null}},"31":{"start":{"line":83,"column":8},"end":{"line":83,"column":26}},"32":{"start":{"line":84,"column":8},"end":{"line":84,"column":24}},"33":{"start":{"line":86,"column":8},"end":{"line":86,"column":17}},"34":{"start":{"line":3,"column":0},"end":{"line":3,"column":13}}},"fnMap":{"0":{"name":"(anonymous_0)","decl":{"start":{"line":8,"column":2},"end":{"line":8,"column":14}},"loc":{"start":{"line":8,"column":30},"end":{"line":12,"column":3}}},"1":{"name":"(anonymous_1)","decl":{"start":{"line":14,"column":2},"end":{"line":14,"column":12}},"loc":{"start":{"line":14,"column":12},"end":{"line":26,"column":3}}},"2":{"name":"(anonymous_2)","decl":{"start":{"line":28,"column":10},"end":{"line":28,"column":14}},"loc":{"start":{"line":28,"column":46},"end":{"line":51,"column":3}}},"3":{"name":"(anonymous_3)","decl":{"start":{"line":53,"column":10},"end":{"line":53,"column":15}},"loc":{"start":{"line":53,"column":47},"end":{"line":56,"column":3}}},"4":{"name":"(anonymous_4)","decl":{"start":{"line":58,"column":10},"end":{"line":58,"column":21}},"loc":{"start":{"line":58,"column":35},"end":{"line":71,"column":3}}},"5":{"name":"(anonymous_5)","decl":{"start":{"line":73,"column":10},"end":{"line":73,"column":25}},"loc":{"start":{"line":73,"column":37},"end":{"line":89,"column":3}}}},"branchMap":{"0":{"loc":{"start":{"line":29,"column":4},"end":{"line":31,"column":null}},"type":"if","locations":[{"start":{"line":29,"column":4},"end":{"line":31,"column":null}}]},"1":{"loc":{"start":{"line":46,"column":6},"end":{"line":48,"column":null}},"type":"if","locations":[{"start":{"line":46,"column":6},"end":{"line":48,"column":null}}]},"2":{"loc":{"start":{"line":63,"column":6},"end":{"line":69,"column":null}},"type":"if","locations":[{"start":{"line":63,"column":6},"end":{"line":69,"column":null}},{"start":{"line":67,"column":13},"end":{"line":69,"column":null}}]},"3":{"loc":{"start":{"line":82,"column":6},"end":{"line":87,"column":null}},"type":"if","locations":[{"start":{"line":82,"column":6},"end":{"line":87,"column":null}},{"start":{"line":85,"column":13},"end":{"line":87,"column":null}}]}},"s":{"0":4,"1":4,"2":4,"3":3,"4":3,"5":3,"6":3,"7":15,"8":0,"9":15,"10":15,"11":15,"12":21,"13":21,"14":15,"15":0,"16":15,"17":15,"18":3,"19":3,"20":9,"21":9,"22":9,"23":9,"24":9,"25":0,"26":6,"27":6,"28":6,"29":6,"30":6,"31":6,"32":6,"33":0,"34":1},"f":{"0":4,"1":3,"2":15,"3":15,"4":3,"5":6},"b":{"0":[0],"1":[15],"2":[9,0],"3":[6,0]}}
,"D:\\dev\\WORKING_PROJECTS\\_typescript\\bitsCraft\\src\\setup\\buildTerrain\\TerrainBuilder.ts": {"path":"D:\\dev\\WORKING_PROJECTS\\_typescript\\bitsCraft\\src\\setup\\buildTerrain\\TerrainBuilder.ts","statementMap":{"0":{"start":{"line":7,"column":4},"end":{"line":7,"column":23}},"1":{"start":{"line":11,"column":4},"end":{"line":13,"column":null}},"2":{"start":{"line":12,"column":6},"end":{"line":12,"column":68}},"3":{"start":{"line":14,"column":4},"end":{"line":14,"column":47}},"4":{"start":{"line":18,"column":17},"end":{"line":19,"column":null}},"5":{"start":{"line":19,"column":6},"end":{"line":19,"column":49}},"6":{"start":{"line":22,"column":16},"end":{"line":22,"column":65}},"7":{"start":{"line":24,"column":4},"end":{"line":52,"column":null}},"8":{"start":{"line":24,"column":17},"end":{"line":24,"column":18}},"9":{"start":{"line":25,"column":17},"end":{"line":25,"column":42}},"10":{"start":{"line":26,"column":6},"end":{"line":26,"column":59}},"11":{"start":{"line":28,"column":6},"end":{"line":30,"column":null}},"12":{"start":{"line":29,"column":8},"end":{"line":29,"column":17}},"13":{"start":{"line":31,"column":6},"end":{"line":33,"column":null}},"14":{"start":{"line":32,"column":8},"end":{"line":32,"column":17}},"15":{"start":{"line":35,"column":6},"end":{"line":37,"column":null}},"16":{"start":{"line":36,"column":8},"end":{"line":36,"column":17}},"17":{"start":{"line":39,"column":6},"end":{"line":41,"column":null}},"18":{"start":{"line":40,"column":8},"end":{"line":40,"column":17}},"19":{"start":{"line":43,"column":6},"end":{"line":43,"column":36}},"20":{"start":{"line":44,"column":6},"end":{"line":44,"column":45}},"21":{"start":{"line":46,"column":6},"end":{"line":51,"column":null}},"22":{"start":{"line":47,"column":8},"end":{"line":47,"column":50}},"23":{"start":{"line":48,"column":8},"end":{"line":48,"column":53}},"24":{"start":{"line":50,"column":8},"end":{"line":50,"column":51}},"25":{"start":{"line":56,"column":23},"end":{"line":56,"column":24}},"26":{"start":{"line":57,"column":23},"end":{"line":57,"column":24}},"27":{"start":{"line":59,"column":4},"end":{"line":62,"column":null}},"28":{"start":{"line":60,"column":6},"end":{"line":60,"column":48}},"29":{"start":{"line":61,"column":6},"end":{"line":61,"column":47}},"30":{"start":{"line":64,"column":49},"end":{"line":67,"column":6}},"31":{"start":{"line":68,"column":4},"end":{"line":68,"column":22}},"32":{"start":{"line":72,"column":16},"end":{"line":81,"column":6}},"33":{"start":{"line":83,"column":22},"end":{"line":83,"column":65}},"34":{"start":{"line":84,"column":24},"end":{"line":84,"column":60}},"35":{"start":{"line":85,"column":4},"end":{"line":85,"column":23}},"36":{"start":{"line":3,"column":0},"end":{"line":3,"column":13}}},"fnMap":{"0":{"name":"(anonymous_0)","decl":{"start":{"line":6,"column":2},"end":{"line":6,"column":14}},"loc":{"start":{"line":6,"column":30},"end":{"line":8,"column":3}}},"1":{"name":"(anonymous_1)","decl":{"start":{"line":10,"column":2},"end":{"line":10,"column":14}},"loc":{"start":{"line":10,"column":30},"end":{"line":15,"column":3}}},"2":{"name":"(anonymous_2)","decl":{"start":{"line":17,"column":10},"end":{"line":17,"column":26}},"loc":{"start":{"line":17,"column":60},"end":{"line":54,"column":3}}},"3":{"name":"(anonymous_3)","decl":{"start":{"line":18,"column":54},"end":{"line":18,"column":57}},"loc":{"start":{"line":19,"column":6},"end":{"line":19,"column":49}}},"4":{"name":"(anonymous_4)","decl":{"start":{"line":55,"column":10},"end":{"line":55,"column":23}},"loc":{"start":{"line":55,"column":53},"end":{"line":69,"column":3}}},"5":{"name":"(anonymous_5)","decl":{"start":{"line":71,"column":10},"end":{"line":71,"column":28}},"loc":{"start":{"line":71,"column":28},"end":{"line":86,"column":3}}}},"branchMap":{"0":{"loc":{"start":{"line":11,"column":4},"end":{"line":13,"column":null}},"type":"if","locations":[{"start":{"line":11,"column":4},"end":{"line":13,"column":null}}]},"1":{"loc":{"start":{"line":28,"column":6},"end":{"line":30,"column":null}},"type":"if","locations":[{"start":{"line":28,"column":6},"end":{"line":30,"column":null}}]},"2":{"loc":{"start":{"line":28,"column":10},"end":{"line":28,"column":49}},"type":"binary-expr","locations":[{"start":{"line":28,"column":10},"end":{"line":28,"column":22}},{"start":{"line":28,"column":26},"end":{"line":28,"column":49}}]},"3":{"loc":{"start":{"line":31,"column":6},"end":{"line":33,"column":null}},"type":"if","locations":[{"start":{"line":31,"column":6},"end":{"line":33,"column":null}}]},"4":{"loc":{"start":{"line":31,"column":10},"end":{"line":31,"column":52}},"type":"binary-expr","locations":[{"start":{"line":31,"column":10},"end":{"line":31,"column":22}},{"start":{"line":31,"column":26},"end":{"line":31,"column":52}}]},"5":{"loc":{"start":{"line":35,"column":6},"end":{"line":37,"column":null}},"type":"if","locations":[{"start":{"line":35,"column":6},"end":{"line":37,"column":null}}]},"6":{"loc":{"start":{"line":35,"column":10},"end":{"line":35,"column":51}},"type":"binary-expr","locations":[{"start":{"line":35,"column":10},"end":{"line":35,"column":21}},{"start":{"line":35,"column":25},"end":{"line":35,"column":51}}]},"7":{"loc":{"start":{"line":39,"column":6},"end":{"line":41,"column":null}},"type":"if","locations":[{"start":{"line":39,"column":6},"end":{"line":41,"column":null}}]},"8":{"loc":{"start":{"line":46,"column":6},"end":{"line":51,"column":null}},"type":"if","locations":[{"start":{"line":46,"column":6},"end":{"line":51,"column":null}},{"start":{"line":49,"column":13},"end":{"line":51,"column":null}}]},"9":{"loc":{"start":{"line":59,"column":11},"end":{"line":59,"column":40}},"type":"binary-expr","locations":[{"start":{"line":59,"column":11},"end":{"line":59,"column":19}},{"start":{"line":59,"column":23},"end":{"line":59,"column":40}}]}},"s":{"0":13,"1":202,"2":1,"3":201,"4":201,"5":4020,"6":201,"7":201,"8":201,"9":4020,"10":4020,"11":4020,"12":49,"13":3971,"14":311,"15":3660,"16":301,"17":3359,"18":918,"19":2441,"20":2441,"21":2441,"22":1287,"23":1287,"24":1154,"25":201,"26":201,"27":201,"28":365,"29":365,"30":201,"31":201,"32":4020,"33":4020,"34":4020,"35":4020,"36":5},"f":{"0":13,"1":202,"2":201,"3":4020,"4":201,"5":4020},"b":{"0":[1],"1":[49],"2":[4020,4002],"3":[311],"4":[3971,3831],"5":[301],"6":[3660,3508],"7":[918],"8":[1287,1154],"9":[566,265]}}
,"D:\\dev\\WORKING_PROJECTS\\_typescript\\bitsCraft\\src\\utils\\printBoard.ts": {"path":"D:\\dev\\WORKING_PROJECTS\\_typescript\\bitsCraft\\src\\utils\\printBoard.ts","statementMap":{"0":{"start":{"line":5,"column":2},"end":{"line":7,"column":null}},"1":{"start":{"line":6,"column":4},"end":{"line":6,"column":27}},"2":{"start":{"line":9,"column":20},"end":{"line":9,"column":22}},"3":{"start":{"line":10,"column":2},"end":{"line":26,"column":null}},"4":{"start":{"line":10,"column":15},"end":{"line":10,"column":16}},"5":{"start":{"line":11,"column":24},"end":{"line":11,"column":26}},"6":{"start":{"line":13,"column":4},"end":{"line":24,"column":null}},"7":{"start":{"line":13,"column":17},"end":{"line":13,"column":18}},"8":{"start":{"line":14,"column":19},"end":{"line":14,"column":38}},"9":{"start":{"line":15,"column":32},"end":{"line":15,"column":70}},"10":{"start":{"line":16,"column":6},"end":{"line":23,"column":null}},"11":{"start":{"line":17,"column":8},"end":{"line":17,"column":33}},"12":{"start":{"line":19,"column":11},"end":{"line":23,"column":null}},"13":{"start":{"line":20,"column":8},"end":{"line":20,"column":33}},"14":{"start":{"line":22,"column":8},"end":{"line":22,"column":32}},"15":{"start":{"line":25,"column":4},"end":{"line":25,"column":null}},"16":{"start":{"line":27,"column":2},"end":{"line":27,"column":13}},"17":{"start":{"line":4,"column":0},"end":{"line":4,"column":16}}},"fnMap":{"0":{"name":"printBoard","decl":{"start":{"line":4,"column":16},"end":{"line":4,"column":26}},"loc":{"start":{"line":4,"column":55},"end":{"line":28,"column":1}}}},"branchMap":{"0":{"loc":{"start":{"line":5,"column":2},"end":{"line":7,"column":null}},"type":"if","locations":[{"start":{"line":5,"column":2},"end":{"line":7,"column":null}}]},"1":{"loc":{"start":{"line":5,"column":7},"end":{"line":5,"column":21}},"type":"cond-expr","locations":[{"start":{"line":5,"column":14},"end":{"line":5,"column":16}},{"start":{"line":5,"column":7},"end":{"line":5,"column":21}}]},"2":{"loc":{"start":{"line":5,"column":7},"end":{"line":5,"column":16}},"type":"binary-expr","locations":[{"start":{"line":5,"column":7},"end":{"line":5,"column":16}},{"start":{"line":5,"column":7},"end":{"line":5,"column":16}}]},"3":{"loc":{"start":{"line":16,"column":6},"end":{"line":23,"column":null}},"type":"if","locations":[{"start":{"line":16,"column":6},"end":{"line":23,"column":null}},{"start":{"line":19,"column":11},"end":{"line":23,"column":null}}]},"4":{"loc":{"start":{"line":19,"column":11},"end":{"line":23,"column":null}},"type":"if","locations":[{"start":{"line":19,"column":11},"end":{"line":23,"column":null}},{"start":{"line":21,"column":13},"end":{"line":23,"column":null}}]}},"s":{"0":2,"1":1,"2":1,"3":1,"4":1,"5":20,"6":20,"7":20,"8":600,"9":600,"10":600,"11":49,"12":551,"13":16,"14":535,"15":20,"16":1,"17":1},"f":{"0":2},"b":{"0":[1],"1":[1,1],"2":[2,1],"3":[49,551],"4":[16,535]}}
,"D:\\dev\\WORKING_PROJECTS\\_typescript\\bitsCraft\\tests\\helpers\\testBoards.ts": {"path":"D:\\dev\\WORKING_PROJECTS\\_typescript\\bitsCraft\\tests\\helpers\\testBoards.ts","statementMap":{"0":{"start":{"line":1,"column":0},"end":{"line":1,"column":54}},"1":{"start":{"line":2,"column":0},"end":{"line":2,"column":80}},"2":{"start":{"line":3,"column":0},"end":{"line":3,"column":76}},"3":{"start":{"line":6,"column":13},"end":{"line":6,"column":33}},"4":{"start":{"line":7,"column":13},"end":{"line":7,"column":49}},"5":{"start":{"line":10,"column":15},"end":{"line":10,"column":35}},"6":{"start":{"line":11,"column":20},"end":{"line":11,"column":37}},"7":{"start":{"line":13,"column":2},"end":{"line":13,"column":null}},"8":{"start":{"line":9,"column":0},"end":{"line":9,"column":16}},"9":{"start":{"line":17,"column":20},"end":{"line":17,"column":34}},"10":{"start":{"line":18,"column":18},"end":{"line":18,"column":47}},"11":{"start":{"line":19,"column":3},"end":{"line":22,"column":null}},"12":{"start":{"line":19,"column":16},"end":{"line":19,"column":17}},"13":{"start":{"line":20,"column":4},"end":{"line":20,"column":32}},"14":{"start":{"line":21,"column":4},"end":{"line":21,"column":32}},"15":{"start":{"line":24,"column":2},"end":{"line":24,"column":19}},"16":{"start":{"line":16,"column":0},"end":{"line":16,"column":16}},"17":{"start":{"line":28,"column":20},"end":{"line":28,"column":38}},"18":{"start":{"line":29,"column":18},"end":{"line":29,"column":48}},"19":{"start":{"line":31,"column":2},"end":{"line":31,"column":33}},"20":{"start":{"line":33,"column":2},"end":{"line":33,"column":19}},"21":{"start":{"line":27,"column":0},"end":{"line":27,"column":16}}},"fnMap":{"0":{"name":"defaultBoard","decl":{"start":{"line":9,"column":16},"end":{"line":9,"column":28}},"loc":{"start":{"line":9,"column":28},"end":{"line":14,"column":1}}},"1":{"name":"boardWithTerrain","decl":{"start":{"line":16,"column":16},"end":{"line":16,"column":32}},"loc":{"start":{"line":16,"column":32},"end":{"line":25,"column":1}}},"2":{"name":"boardWithTerrainPlayers","decl":{"start":{"line":27,"column":16},"end":{"line":27,"column":39}},"loc":{"start":{"line":27,"column":39},"end":{"line":34,"column":1}}}},"branchMap":{},"s":{"0":5,"1":5,"2":5,"3":5,"4":5,"5":13,"6":13,"7":13,"8":5,"9":10,"10":10,"11":10,"12":10,"13":100,"14":100,"15":10,"16":5,"17":8,"18":8,"19":8,"20":8,"21":5},"f":{"0":13,"1":10,"2":8},"b":{}}
,"D:\\dev\\WORKING_PROJECTS\\_typescript\\bitsCraft\\tests\\helpers\\testContext.ts": {"path":"D:\\dev\\WORKING_PROJECTS\\_typescript\\bitsCraft\\tests\\helpers\\testContext.ts","statementMap":{"0":{"start":{"line":1,"column":0},"end":{"line":1,"column":55}},"1":{"start":{"line":2,"column":0},"end":{"line":2,"column":75}},"2":{"start":{"line":6,"column":20},"end":{"line":6,"column":45}},"3":{"start":{"line":7,"column":18},"end":{"line":7,"column":46}},"4":{"start":{"line":9,"column":20},"end":{"line":9,"column":37}},"5":{"start":{"line":10,"column":20},"end":{"line":10,"column":37}},"6":{"start":{"line":12,"column":2},"end":{"line":15,"column":4}},"7":{"start":{"line":5,"column":0},"end":{"line":5,"column":16}}},"fnMap":{"0":{"name":"testContext","decl":{"start":{"line":5,"column":16},"end":{"line":5,"column":27}},"loc":{"start":{"line":5,"column":27},"end":{"line":16,"column":1}}}},"branchMap":{},"s":{"0":1,"1":1,"2":1,"3":1,"4":1,"5":1,"6":1,"7":1},"f":{"0":1},"b":{}}
}
