TN:
SF:src\setup\InitBoard.ts
FN:8,(anonymous_0)
FN:14,(anonymous_1)
FN:17,(anonymous_2)
FN:30,(anonymous_3)
FN:51,(anonymous_4)
FNF:5
FNH:5
FNDA:20,(anonymous_0)
FNDA:19,(anonymous_1)
FNDA:375,(anonymous_2)
FNDA:19,(anonymous_3)
FNDA:11025,(anonymous_4)
DA:3,6
DA:9,20
DA:10,20
DA:11,20
DA:16,19
DA:17,19
DA:18,375
DA:19,375
DA:20,11025
DA:22,375
DA:23,375
DA:26,19
DA:27,19
DA:32,19
DA:33,375
DA:34,375
DA:35,185
DA:37,190
DA:41,19
DA:42,555
DA:43,555
DA:44,365
DA:46,190
DA:52,11025
DA:63,11025
LF:25
LH:25
BRDA:34,0,0,185
BRDA:34,0,1,190
BRDA:43,1,0,365
BRDA:43,1,1,190
BRF:4
BRH:4
end_of_record
TN:
SF:src\setup\buildPlayers\PlayerBuilder.ts
FN:6,(anonymous_0)
FN:10,(anonymous_1)
FN:11,(anonymous_2)
FN:25,(anonymous_3)
FN:30,(anonymous_4)
FN:31,(anonymous_5)
FN:37,(anonymous_6)
FN:40,(anonymous_7)
FN:46,(anonymous_8)
FN:89,(anonymous_9)
FNF:10
FNH:10
FNDA:4,(anonymous_0)
FNDA:4,(anonymous_1)
FNDA:80,(anonymous_2)
FNDA:4,(anonymous_3)
FNDA:60,(anonymous_4)
FNDA:60,(anonymous_5)
FNDA:60,(anonymous_6)
FNDA:60,(anonymous_7)
FNDA:4,(anonymous_8)
FNDA:16,(anonymous_9)
DA:3,2
DA:7,4
DA:11,4
DA:12,80
DA:14,4
DA:20,4
DA:21,4
DA:23,4
DA:26,4
DA:27,4
DA:29,4
DA:30,60
DA:31,60
DA:32,2
DA:35,4
DA:36,2
DA:37,60
DA:39,2
DA:40,60
DA:42,2
DA:47,4
DA:48,4
DA:50,4
DA:51,2
DA:67,4
DA:68,2
DA:84,4
DA:85,48
DA:86,48
DA:89,4
DA:90,16
LF:31
LH:31
BRDA:15,0,0,2
BRDA:15,0,1,2
BRDA:29,1,0,2
BRDA:35,2,0,2
BRDA:50,3,0,2
BRDA:67,4,0,2
BRF:6
BRH:6
end_of_record
TN:
SF:src\setup\buildPlayers\PlayersPositions.ts
FN:6,(anonymous_0)
FN:10,(anonymous_1)
FN:15,(anonymous_2)
FN:53,(anonymous_3)
FN:85,(anonymous_4)
FNF:5
FNH:5
FNDA:13,(anonymous_0)
FNDA:12,(anonymous_1)
FNDA:12,(anonymous_2)
FNDA:12,(anonymous_3)
FNDA:24,(anonymous_4)
DA:3,5
DA:7,13
DA:11,12
DA:12,12
DA:17,12
DA:19,12
DA:26,12
DA:33,12
DA:34,48
DA:35,48
DA:38,48
DA:39,48
DA:40,48
DA:41,48
DA:42,48
DA:46,12
DA:47,48
DA:48,48
DA:49,48
DA:54,12
DA:55,12
DA:61,12
DA:67,12
DA:68,48
DA:69,48
DA:71,48
DA:72,48
DA:73,48
DA:74,48
DA:75,48
DA:78,12
DA:79,48
DA:80,48
DA:81,48
DA:86,24
DA:87,24
DA:89,24
DA:90,12
DA:92,12
DA:94,24
DA:95,36
DA:98,24
DA:99,24
LF:43
LH:43
BRDA:89,0,0,12
BRDA:89,0,1,12
BRDA:94,1,0,60
BRDA:94,1,1,29
BRF:4
BRH:4
end_of_record
TN:
SF:src\setup\buildResources\ResourceBuilder.ts
FN:8,(anonymous_0)
FN:14,(anonymous_1)
FN:28,(anonymous_2)
FN:53,(anonymous_3)
FN:58,(anonymous_4)
FN:73,(anonymous_5)
FNF:6
FNH:6
FNDA:4,(anonymous_0)
FNDA:3,(anonymous_1)
FNDA:15,(anonymous_2)
FNDA:15,(anonymous_3)
FNDA:3,(anonymous_4)
FNDA:6,(anonymous_5)
DA:3,1
DA:9,4
DA:10,4
DA:11,4
DA:15,3
DA:17,3
DA:19,3
DA:23,3
DA:29,15
DA:30,0
DA:33,15
DA:44,15
DA:45,21
DA:46,21
DA:47,15
DA:50,0
DA:54,15
DA:55,15
DA:59,3
DA:60,3
DA:61,9
DA:63,9
DA:64,9
DA:65,9
DA:66,9
DA:68,0
DA:74,6
DA:76,6
DA:77,6
DA:81,6
DA:82,6
DA:83,6
DA:84,6
DA:86,0
LF:34
LH:30
BRDA:29,0,0,0
BRDA:46,1,0,15
BRDA:63,2,0,9
BRDA:63,2,1,0
BRDA:82,3,0,6
BRDA:82,3,1,0
BRF:6
BRH:3
end_of_record
TN:
SF:src\setup\buildTerrain\TerrainBuilder.ts
FN:6,(anonymous_0)
FN:10,(anonymous_1)
FN:17,(anonymous_2)
FN:18,(anonymous_3)
FN:55,(anonymous_4)
FN:71,(anonymous_5)
FNF:6
FNH:6
FNDA:13,(anonymous_0)
FNDA:202,(anonymous_1)
FNDA:201,(anonymous_2)
FNDA:4020,(anonymous_3)
FNDA:201,(anonymous_4)
FNDA:4020,(anonymous_5)
DA:3,5
DA:7,13
DA:11,202
DA:12,1
DA:14,201
DA:18,201
DA:19,4020
DA:22,201
DA:24,201
DA:25,4020
DA:26,4020
DA:28,4020
DA:29,49
DA:31,3971
DA:32,311
DA:35,3660
DA:36,301
DA:39,3359
DA:40,918
DA:43,2441
DA:44,2441
DA:46,2441
DA:47,1287
DA:48,1287
DA:50,1154
DA:56,201
DA:57,201
DA:59,201
DA:60,365
DA:61,365
DA:64,201
DA:68,201
DA:72,4020
DA:83,4020
DA:84,4020
DA:85,4020
LF:36
LH:36
BRDA:11,0,0,1
BRDA:28,1,0,49
BRDA:28,2,0,4020
BRDA:28,2,1,4002
BRDA:31,3,0,311
BRDA:31,4,0,3971
BRDA:31,4,1,3831
BRDA:35,5,0,301
BRDA:35,6,0,3660
BRDA:35,6,1,3508
BRDA:39,7,0,918
BRDA:46,8,0,1287
BRDA:46,8,1,1154
BRDA:59,9,0,566
BRDA:59,9,1,265
BRF:15
BRH:15
end_of_record
TN:
SF:src\utils\printBoard.ts
FN:4,printBoard
FNF:1
FNH:1
FNDA:2,printBoard
DA:4,1
DA:5,2
DA:6,1
DA:9,1
DA:10,1
DA:11,20
DA:13,20
DA:14,600
DA:15,600
DA:16,600
DA:17,49
DA:19,551
DA:20,16
DA:22,535
DA:25,20
DA:27,1
LF:16
LH:16
BRDA:5,0,0,1
BRDA:5,1,0,1
BRDA:5,1,1,1
BRDA:5,2,0,2
BRDA:5,2,1,1
BRDA:16,3,0,49
BRDA:16,3,1,551
BRDA:19,4,0,16
BRDA:19,4,1,535
BRF:9
BRH:9
end_of_record
TN:
SF:tests\helpers\testBoards.ts
FN:9,defaultBoard
FN:16,boardWithTerrain
FN:27,boardWithTerrainPlayers
FNF:3
FNH:3
FNDA:13,defaultBoard
FNDA:10,boardWithTerrain
FNDA:8,boardWithTerrainPlayers
DA:1,5
DA:2,5
DA:3,5
DA:6,5
DA:7,5
DA:9,5
DA:10,13
DA:11,13
DA:13,13
DA:16,5
DA:17,10
DA:18,10
DA:19,10
DA:20,100
DA:21,100
DA:24,10
DA:27,5
DA:28,8
DA:29,8
DA:31,8
DA:33,8
LF:21
LH:21
BRF:0
BRH:0
end_of_record
TN:
SF:tests\helpers\testContext.ts
FN:5,testContext
FNF:1
FNH:1
FNDA:1,testContext
DA:1,1
DA:2,1
DA:5,1
DA:6,1
DA:7,1
DA:9,1
DA:10,1
DA:12,1
LF:8
LH:8
BRF:0
BRH:0
end_of_record
