TN:
SF:src\classes\InitBoard.ts
FN:6,(anonymous_0)
FN:12,(anonymous_1)
FN:14,(anonymous_2)
FN:22,(anonymous_3)
FNF:4
FNH:4
FNDA:4,(anonymous_0)
FNDA:3,(anonymous_1)
FNDA:35,(anonymous_2)
FNDA:3,(anonymous_3)
DA:1,3
DA:7,4
DA:8,4
DA:9,4
DA:14,3
DA:15,35
DA:18,3
DA:19,3
DA:23,3
DA:24,35
DA:25,5
DA:27,30
DA:30,3
DA:31,35
DA:32,5
DA:34,30
LF:16
LH:16
BRDA:24,0,0,5
BRDA:24,0,1,30
BRDA:31,1,0,5
BRDA:31,1,1,30
BRF:4
BRH:4
end_of_record
TN:
SF:src\classes\buildTerrain\TerrainBuilder.ts
FN:6,(anonymous_0)
FN:10,(anonymous_1)
FN:14,(anonymous_2)
FN:15,(anonymous_3)
FN:44,(anonymous_4)
FN:60,(anonymous_5)
FNF:6
FNH:6
FNDA:2,(anonymous_0)
FNDA:1,(anonymous_1)
FNDA:1,(anonymous_2)
FNDA:10,(anonymous_3)
FNDA:1,(anonymous_4)
FNDA:20,(anonymous_5)
DA:3,1
DA:7,2
DA:11,1
DA:15,1
DA:16,10
DA:18,1
DA:20,1
DA:21,20
DA:22,20
DA:24,20
DA:25,0
DA:27,20
DA:28,9
DA:31,11
DA:32,6
DA:35,5
DA:36,0
DA:39,5
DA:40,5
DA:45,1
DA:46,1
DA:48,1
DA:49,5
DA:50,5
DA:53,1
DA:57,1
DA:61,20
DA:72,20
DA:73,20
DA:74,20
LF:30
LH:28
BRDA:24,0,0,0
BRDA:24,1,0,20
BRDA:24,1,1,20
BRDA:27,2,0,9
BRDA:27,3,0,20
BRDA:27,3,1,11
BRDA:31,4,0,6
BRDA:31,5,0,11
BRDA:31,5,1,8
BRDA:35,6,0,0
BRDA:48,7,0,6
BRDA:48,7,1,3
BRF:12
BRH:10
end_of_record
TN:
SF:src\classes\utils\printBoard.ts
FN:3,printBoard
FNF:1
FNH:1
FNDA:2,printBoard
DA:3,1
DA:4,2
DA:5,1
DA:8,1
DA:9,1
DA:10,10
DA:12,1
LF:7
LH:7
BRDA:4,0,0,1
BRF:1
BRH:1
end_of_record
TN:
SF:tests\helpers\helpers.ts
FNF:0
FNH:0
DA:1,2
DA:3,2
DA:4,2
LF:3
LH:3
BRF:0
BRH:0
end_of_record
